<?xml version="1.0" encoding="utf-8"?><testsuites name="pytest tests"><testsuite name="pytest" errors="0" failures="0" skipped="0" tests="2" time="2.596" timestamp="2026-08-25T23:11:55.499579+00:00" hostname="agent-env-fa275b0a-c0fc-4456-a321-202f2a18342d"><testcase classname="tests.test_auth_regression" name="test_forgot_password_accepts_email_only" time="0.182" /><testcase classname="tests.test_auth_regression" name="test_login_locks_after_five_failures" time="1.880" /></testsuite></testsuites>