<?xml version="1.0" encoding="utf-8"?><testsuites name="pytest tests"><testsuite name="pytest" errors="0" failures="1" skipped="0" tests="8" time="3.796" timestamp="2026-08-25T23:24:06.307575+00:00" hostname="agent-env-fa275b0a-c0fc-4456-a321-202f2a18342d"><testcase classname="tests.test_auth_regression" name="test_forgot_password_accepts_email_only" time="0.159" /><testcase classname="tests.backend_test" name="test_backend_url_configured" time="0.000" /><testcase classname="tests.backend_test" name="test_api_health" time="0.234" /><testcase classname="tests.test_auth_regression" name="test_login_locks_after_five_failures" time="2.212" /><testcase classname="tests.backend_test" name="test_register_sets_http_only_session_and_dashboard" time="1.640" /><testcase classname="tests.backend_test" name="test_login_and_duplicate_registration" time="1.127" /><testcase classname="tests.backend_test" name="test_protected_dashboard_rejects_anonymous" time="0.159" /><testcase classname="tests.backend_test" name="test_cors_allows_credentials_for_frontend_origin" time="0.069"><failure message="AssertionError: assert None == 'true'&#10; +  where None = get('access-control-allow-credentials')&#10; +    where get = {'Date': 'Tue, 25 Aug 2026 23:24:10 GMT', 'Connection': 'keep-alive', 'Access-Control-Allow-Origin': '*', 'Access-Control-Allow-Headers': '*', 'Access-Control-Allow-Methods': 'GET, POST, PUT, DELETE, OPTIONS, HEAD, PATCH', 'Access-Control-Max-Age': '300', 'set-cookie': '__cf_bm=eApVf5ohSV6jITUDf1qOPJNsMblHZ3eqxxP1S1iVJYk-1787700250.0145693-1.0.1.1-BpS8u1znL3ETyT7hynQEnxCDPdIW.bMnB1FoUgiy3VZf.TD1QKFBrBD6rt8chrPHI4VJdWO7KMZez84fOilGUIRHM9JZM2BIMRJdY_MEaUDt5FbKoHvfCZAJUj.ie2_M; HttpOnly; SameSite=None; Secure; Path=/; Domain=preview.emergentagent.com; Expires=Tue, 25 Aug 2026 23:54:10 GMT', 'X-Robots-Tag': 'noindex, nofollow', 'Server': 'cloudflare', 'CF-RAY': 'a30e59429cd48a1f-ORD'}.get&#10; +      where {'Date': 'Tue, 25 Aug 2026 23:24:10 GMT', 'Connection': 'keep-alive', 'Access-Control-Allow-Origin': '*', 'Access-Control-Allow-Headers': '*', 'Access-Control-Allow-Methods': 'GET, POST, PUT, DELETE, OPTIONS, HEAD, PATCH', 'Access-Control-Max-Age': '300', 'set-cookie': '__cf_bm=eApVf5ohSV6jITUDf1qOPJNsMblHZ3eqxxP1S1iVJYk-1787700250.0145693-1.0.1.1-BpS8u1znL3ETyT7hynQEnxCDPdIW.bMnB1FoUgiy3VZf.TD1QKFBrBD6rt8chrPHI4VJdWO7KMZez84fOilGUIRHM9JZM2BIMRJdY_MEaUDt5FbKoHvfCZAJUj.ie2_M; HttpOnly; SameSite=None; Secure; Path=/; Domain=preview.emergentagent.com; Expires=Tue, 25 Aug 2026 23:54:10 GMT', 'X-Robots-Tag': 'noindex, nofollow', 'Server': 'cloudflare', 'CF-RAY': 'a30e59429cd48a1f-ORD'} = &lt;Response [204]&gt;.headers">backend/tests/backend_test.py:87: in test_cors_allows_credentials_for_frontend_origin
    assert response.headers.get("access-control-allow-credentials") == "true"
E   AssertionError: assert None == 'true'
E    +  where None = get('access-control-allow-credentials')
E    +    where get = {'Date': 'Tue, 25 Aug 2026 23:24:10 GMT', 'Connection': 'keep-alive', 'Access-Control-Allow-Origin': '*', 'Access-Control-Allow-Headers': '*', 'Access-Control-Allow-Methods': 'GET, POST, PUT, DELETE, OPTIONS, HEAD, PATCH', 'Access-Control-Max-Age': '300', 'set-cookie': '__cf_bm=eApVf5ohSV6jITUDf1qOPJNsMblHZ3eqxxP1S1iVJYk-1787700250.0145693-1.0.1.1-BpS8u1znL3ETyT7hynQEnxCDPdIW.bMnB1FoUgiy3VZf.TD1QKFBrBD6rt8chrPHI4VJdWO7KMZez84fOilGUIRHM9JZM2BIMRJdY_MEaUDt5FbKoHvfCZAJUj.ie2_M; HttpOnly; SameSite=None; Secure; Path=/; Domain=preview.emergentagent.com; Expires=Tue, 25 Aug 2026 23:54:10 GMT', 'X-Robots-Tag': 'noindex, nofollow', 'Server': 'cloudflare', 'CF-RAY': 'a30e59429cd48a1f-ORD'}.get
E    +      where {'Date': 'Tue, 25 Aug 2026 23:24:10 GMT', 'Connection': 'keep-alive', 'Access-Control-Allow-Origin': '*', 'Access-Control-Allow-Headers': '*', 'Access-Control-Allow-Methods': 'GET, POST, PUT, DELETE, OPTIONS, HEAD, PATCH', 'Access-Control-Max-Age': '300', 'set-cookie': '__cf_bm=eApVf5ohSV6jITUDf1qOPJNsMblHZ3eqxxP1S1iVJYk-1787700250.0145693-1.0.1.1-BpS8u1znL3ETyT7hynQEnxCDPdIW.bMnB1FoUgiy3VZf.TD1QKFBrBD6rt8chrPHI4VJdWO7KMZez84fOilGUIRHM9JZM2BIMRJdY_MEaUDt5FbKoHvfCZAJUj.ie2_M; HttpOnly; SameSite=None; Secure; Path=/; Domain=preview.emergentagent.com; Expires=Tue, 25 Aug 2026 23:54:10 GMT', 'X-Robots-Tag': 'noindex, nofollow', 'Server': 'cloudflare', 'CF-RAY': 'a30e59429cd48a1f-ORD'} = &lt;Response [204]&gt;.headers</failure></testcase></testsuite></testsuites>