<?xml version="1.0" encoding="utf-8"?><testsuites name="pytest tests"><testsuite name="pytest" errors="0" failures="2" skipped="0" tests="8" time="3.509" timestamp="2026-08-25T23:23:27.672898+00:00" hostname="agent-env-fa275b0a-c0fc-4456-a321-202f2a18342d"><testcase classname="tests.test_auth_regression" name="test_forgot_password_accepts_email_only" time="0.232" /><testcase classname="tests.backend_test" name="test_backend_url_configured" time="0.000" /><testcase classname="tests.backend_test" name="test_api_health" time="0.331" /><testcase classname="tests.test_auth_regression" name="test_login_locks_after_five_failures" time="2.718" /><testcase classname="tests.backend_test" name="test_register_sets_http_only_session_and_dashboard" time="0.838"><failure message="assert 0 == 4&#10; +  where 0 = len([])">backend/tests/backend_test.py:52: in test_register_sets_http_only_session_and_dashboard
    assert len(data["metrics"]) == 4
E   assert 0 == 4
E    +  where 0 = len([])</failure></testcase><testcase classname="tests.backend_test" name="test_login_and_duplicate_registration" time="1.411" /><testcase classname="tests.backend_test" name="test_protected_dashboard_rejects_anonymous" time="0.273" /><testcase classname="tests.backend_test" name="test_cors_allows_credentials_for_frontend_origin" time="0.089"><failure message="AssertionError: assert None == 'true'&#10; +  where None = get('access-control-allow-credentials')&#10; +    where get = {'Date': 'Tue, 25 Aug 2026 23:23:31 GMT', 'Connection': 'keep-alive', 'Access-Control-Allow-Origin': '*', 'Access-Control-Allow-Headers': '*', 'Access-Control-Allow-Methods': 'GET, POST, PUT, DELETE, OPTIONS, HEAD, PATCH', 'Access-Control-Max-Age': '300', 'set-cookie': '__cf_bm=j_lbft4rzex8hMyCliGFJDbPjRWPd7Wsmdhs5h.c7DY-1787700211.1044104-1.0.1.1-gM0sYasIRlNcUnNC_YoIdBqTdYeklM1x2VOL5lWvi77oFOsNnRL2Ja8QXrp.P3lL_.0XG9oscKiuB6mG46imofem40vp_fiErbZv_O.5Gb6HX8O9Jrz6JsjgVEADCT0Y; HttpOnly; SameSite=None; Secure; Path=/; Domain=preview.emergentagent.com; Expires=Tue, 25 Aug 2026 23:53:31 GMT', 'X-Robots-Tag': 'noindex, nofollow', 'Server': 'cloudflare', 'CF-RAY': 'a30e584f6e7d0006-ORD'}.get&#10; +      where {'Date': 'Tue, 25 Aug 2026 23:23:31 GMT', 'Connection': 'keep-alive', 'Access-Control-Allow-Origin': '*', 'Access-Control-Allow-Headers': '*', 'Access-Control-Allow-Methods': 'GET, POST, PUT, DELETE, OPTIONS, HEAD, PATCH', 'Access-Control-Max-Age': '300', 'set-cookie': '__cf_bm=j_lbft4rzex8hMyCliGFJDbPjRWPd7Wsmdhs5h.c7DY-1787700211.1044104-1.0.1.1-gM0sYasIRlNcUnNC_YoIdBqTdYeklM1x2VOL5lWvi77oFOsNnRL2Ja8QXrp.P3lL_.0XG9oscKiuB6mG46imofem40vp_fiErbZv_O.5Gb6HX8O9Jrz6JsjgVEADCT0Y; HttpOnly; SameSite=None; Secure; Path=/; Domain=preview.emergentagent.com; Expires=Tue, 25 Aug 2026 23:53:31 GMT', 'X-Robots-Tag': 'noindex, nofollow', 'Server': 'cloudflare', 'CF-RAY': 'a30e584f6e7d0006-ORD'} = &lt;Response [204]&gt;.headers">backend/tests/backend_test.py:86: in test_cors_allows_credentials_for_frontend_origin
    assert response.headers.get("access-control-allow-credentials") == "true"
E   AssertionError: assert None == 'true'
E    +  where None = get('access-control-allow-credentials')
E    +    where get = {'Date': 'Tue, 25 Aug 2026 23:23:31 GMT', 'Connection': 'keep-alive', 'Access-Control-Allow-Origin': '*', 'Access-Control-Allow-Headers': '*', 'Access-Control-Allow-Methods': 'GET, POST, PUT, DELETE, OPTIONS, HEAD, PATCH', 'Access-Control-Max-Age': '300', 'set-cookie': '__cf_bm=j_lbft4rzex8hMyCliGFJDbPjRWPd7Wsmdhs5h.c7DY-1787700211.1044104-1.0.1.1-gM0sYasIRlNcUnNC_YoIdBqTdYeklM1x2VOL5lWvi77oFOsNnRL2Ja8QXrp.P3lL_.0XG9oscKiuB6mG46imofem40vp_fiErbZv_O.5Gb6HX8O9Jrz6JsjgVEADCT0Y; HttpOnly; SameSite=None; Secure; Path=/; Domain=preview.emergentagent.com; Expires=Tue, 25 Aug 2026 23:53:31 GMT', 'X-Robots-Tag': 'noindex, nofollow', 'Server': 'cloudflare', 'CF-RAY': 'a30e584f6e7d0006-ORD'}.get
E    +      where {'Date': 'Tue, 25 Aug 2026 23:23:31 GMT', 'Connection': 'keep-alive', 'Access-Control-Allow-Origin': '*', 'Access-Control-Allow-Headers': '*', 'Access-Control-Allow-Methods': 'GET, POST, PUT, DELETE, OPTIONS, HEAD, PATCH', 'Access-Control-Max-Age': '300', 'set-cookie': '__cf_bm=j_lbft4rzex8hMyCliGFJDbPjRWPd7Wsmdhs5h.c7DY-1787700211.1044104-1.0.1.1-gM0sYasIRlNcUnNC_YoIdBqTdYeklM1x2VOL5lWvi77oFOsNnRL2Ja8QXrp.P3lL_.0XG9oscKiuB6mG46imofem40vp_fiErbZv_O.5Gb6HX8O9Jrz6JsjgVEADCT0Y; HttpOnly; SameSite=None; Secure; Path=/; Domain=preview.emergentagent.com; Expires=Tue, 25 Aug 2026 23:53:31 GMT', 'X-Robots-Tag': 'noindex, nofollow', 'Server': 'cloudflare', 'CF-RAY': 'a30e584f6e7d0006-ORD'} = &lt;Response [204]&gt;.headers</failure></testcase></testsuite></testsuites>