<?xml version="1.0" encoding="utf-8"?><testsuites name="pytest tests"><testsuite name="pytest" errors="0" failures="0" skipped="0" tests="10" time="4.960" timestamp="2026-08-27T00:03:48.182250+00:00" hostname="agent-env-fa275b0a-c0fc-4456-a321-202f2a18342d"><testcase classname="tests.test_iteration9_features" name="test_settings_get_and_update" time="0.885" /><testcase classname="tests.test_iteration9_features" name="test_settings_logo_upload_download" time="0.730" /><testcase classname="tests.test_iteration9_features" name="test_employees_crud_and_edge_cases" time="0.955" /><testcase classname="tests.test_iteration9_features" name="test_cashier_blocked_from_admin_endpoints[/api/reports/sales]" time="0.483" /><testcase classname="tests.test_iteration9_features" name="test_cashier_blocked_from_admin_endpoints[/api/register/history]" time="0.078" /><testcase classname="tests.test_iteration9_features" name="test_cashier_blocked_from_admin_endpoints[/api/employees]" time="0.105" /><testcase classname="tests.test_iteration9_features" name="test_cashier_blocked_from_admin_endpoints[/api/expenses]" time="0.085" /><testcase classname="tests.test_iteration9_features" name="test_cashier_blocked_from_settings_put" time="0.086" /><testcase classname="tests.test_iteration9_features" name="test_cashier_sees_admin_products" time="0.439" /><testcase classname="tests.test_iteration9_features" name="test_expenses_crud_and_metrics" time="0.561" /></testsuite></testsuites>