<?xml version="1.0" encoding="utf-8"?><testsuites name="pytest tests"><testsuite name="pytest" errors="0" failures="1" skipped="0" tests="6" time="2.754" timestamp="2026-08-25T23:11:39.110751+00:00" hostname="agent-env-fa275b0a-c0fc-4456-a321-202f2a18342d"><testcase classname="tests.backend_test" name="test_backend_url_configured" time="0.000" /><testcase classname="tests.backend_test" name="test_api_health" time="0.340" /><testcase classname="tests.backend_test" name="test_register_sets_http_only_session_and_dashboard" time="0.634" /><testcase classname="tests.backend_test" name="test_login_and_duplicate_registration" time="1.003" /><testcase classname="tests.backend_test" name="test_protected_dashboard_rejects_anonymous" time="0.122" /><testcase classname="tests.backend_test" name="test_cors_allows_credentials_for_frontend_origin" time="0.091"><failure message="AssertionError: assert None == 'true'&#10; +  where None = get('access-control-allow-credentials')&#10; +    where get = {'Date': 'Tue, 25 Aug 2026 23:11:41 GMT', 'Connection': 'keep-alive', 'Access-Control-Allow-Origin': '*', 'Access-Cont... Aug 2026 23:41:41 GMT', 'X-Robots-Tag': 'noindex, nofollow', 'Server': 'cloudflare', 'CF-RAY': 'a30e46fe0c5749ad-ORD'}.get&#10; +      where {'Date': 'Tue, 25 Aug 2026 23:11:41 GMT', 'Connection': 'keep-alive', 'Access-Control-Allow-Origin': '*', 'Access-Cont... Aug 2026 23:41:41 GMT', 'X-Robots-Tag': 'noindex, nofollow', 'Server': 'cloudflare', 'CF-RAY': 'a30e46fe0c5749ad-ORD'} = &lt;Response [204]&gt;.headers">backend/tests/backend_test.py:86: in test_cors_allows_credentials_for_frontend_origin
    assert response.headers.get("access-control-allow-credentials") == "true"
E   AssertionError: assert None == 'true'
E    +  where None = get('access-control-allow-credentials')
E    +    where get = {'Date': 'Tue, 25 Aug 2026 23:11:41 GMT', 'Connection': 'keep-alive', 'Access-Control-Allow-Origin': '*', 'Access-Cont... Aug 2026 23:41:41 GMT', 'X-Robots-Tag': 'noindex, nofollow', 'Server': 'cloudflare', 'CF-RAY': 'a30e46fe0c5749ad-ORD'}.get
E    +      where {'Date': 'Tue, 25 Aug 2026 23:11:41 GMT', 'Connection': 'keep-alive', 'Access-Control-Allow-Origin': '*', 'Access-Cont... Aug 2026 23:41:41 GMT', 'X-Robots-Tag': 'noindex, nofollow', 'Server': 'cloudflare', 'CF-RAY': 'a30e46fe0c5749ad-ORD'} = &lt;Response [204]&gt;.headers</failure></testcase></testsuite></testsuites>