<?xml version="1.0" encoding="utf-8"?><testsuites name="pytest tests"><testsuite name="pytest" errors="0" failures="0" skipped="0" tests="5" time="4.170" timestamp="2026-08-26T23:46:28.416250+00:00" hostname="agent-env-fa275b0a-c0fc-4456-a321-202f2a18342d"><testcase classname="tests.test_new_modules" name="test_production_deducts_ingredients_and_increases_product_stock" time="0.889" /><testcase classname="tests.test_new_modules" name="test_production_invalid_recipe_returns_404" time="0.447" /><testcase classname="tests.test_new_modules" name="test_register_history_only_returns_closed_with_totals" time="0.843" /><testcase classname="tests.test_new_modules" name="test_reports_sales_periods_and_totals" time="0.847" /><testcase classname="tests.test_new_modules" name="test_sale_links_customer_and_purchases_endpoint" time="0.607" /></testsuite></testsuites>