<?xml version="1.0" encoding="utf-8"?><testsuites name="pytest tests"><testsuite name="pytest" errors="0" failures="1" skipped="0" tests="8" time="4.875" timestamp="2026-08-25T23:14:16.939580+00:00" hostname="agent-env-fa275b0a-c0fc-4456-a321-202f2a18342d"><testcase classname="tests.test_auth_regression" name="test_forgot_password_accepts_email_only" time="0.448" /><testcase classname="tests.backend_test" name="test_backend_url_configured" time="0.001" /><testcase classname="tests.backend_test" name="test_api_health" time="0.394" /><testcase classname="tests.backend_test" name="test_register_sets_http_only_session_and_dashboard" time="1.592" /><testcase classname="tests.test_auth_regression" name="test_login_locks_after_five_failures" time="3.270" /><testcase classname="tests.backend_test" name="test_login_and_duplicate_registration" time="1.663" /><testcase classname="tests.backend_test" name="test_protected_dashboard_rejects_anonymous" time="0.121" /><testcase classname="tests.backend_test" name="test_cors_allows_credentials_for_frontend_origin" time="0.093"><failure message="AssertionError: assert None == 'true'&#10; +  where None = get('access-control-allow-credentials')&#10; +    where get = {'Date': 'Tue, 25 Aug 2026 23:14:21 GMT', 'Connection': 'keep-alive', 'Access-Control-Allow-Origin': '*', 'Access-Control-Allow-Headers': '*', 'Access-Control-Allow-Methods': 'GET, POST, PUT, DELETE, OPTIONS, HEAD, PATCH', 'Access-Control-Max-Age': '300', 'set-cookie': '__cf_bm=oqlbbwtuqiP1PHRUQj7HcjI0Wt.hMhXmMVhkMX06lHA-1787699661.7142525-1.0.1.1-8auzz5FJS5QDj.jQdw8OiSYwrJaS9Ma4MOGJtFGkAg4ba4p7._3rBQOF7dkMjyBr9AomDesRwVAXVHetswShCk3sxubQ8hQ9.BX3yBSqbTWmzqKj1qkvrbuVwIeSSw4c; HttpOnly; SameSite=None; Secure; Path=/; Domain=preview.emergentagent.com; Expires=Tue, 25 Aug 2026 23:44:21 GMT', 'X-Robots-Tag': 'noindex, nofollow', 'Server': 'cloudflare', 'CF-RAY': 'a30e4ae5bbdd7b21-ORD'}.get&#10; +      where {'Date': 'Tue, 25 Aug 2026 23:14:21 GMT', 'Connection': 'keep-alive', 'Access-Control-Allow-Origin': '*', 'Access-Control-Allow-Headers': '*', 'Access-Control-Allow-Methods': 'GET, POST, PUT, DELETE, OPTIONS, HEAD, PATCH', 'Access-Control-Max-Age': '300', 'set-cookie': '__cf_bm=oqlbbwtuqiP1PHRUQj7HcjI0Wt.hMhXmMVhkMX06lHA-1787699661.7142525-1.0.1.1-8auzz5FJS5QDj.jQdw8OiSYwrJaS9Ma4MOGJtFGkAg4ba4p7._3rBQOF7dkMjyBr9AomDesRwVAXVHetswShCk3sxubQ8hQ9.BX3yBSqbTWmzqKj1qkvrbuVwIeSSw4c; HttpOnly; SameSite=None; Secure; Path=/; Domain=preview.emergentagent.com; Expires=Tue, 25 Aug 2026 23:44:21 GMT', 'X-Robots-Tag': 'noindex, nofollow', 'Server': 'cloudflare', 'CF-RAY': 'a30e4ae5bbdd7b21-ORD'} = &lt;Response [204]&gt;.headers">backend/tests/backend_test.py:86: in test_cors_allows_credentials_for_frontend_origin
    assert response.headers.get("access-control-allow-credentials") == "true"
E   AssertionError: assert None == 'true'
E    +  where None = get('access-control-allow-credentials')
E    +    where get = {'Date': 'Tue, 25 Aug 2026 23:14:21 GMT', 'Connection': 'keep-alive', 'Access-Control-Allow-Origin': '*', 'Access-Control-Allow-Headers': '*', 'Access-Control-Allow-Methods': 'GET, POST, PUT, DELETE, OPTIONS, HEAD, PATCH', 'Access-Control-Max-Age': '300', 'set-cookie': '__cf_bm=oqlbbwtuqiP1PHRUQj7HcjI0Wt.hMhXmMVhkMX06lHA-1787699661.7142525-1.0.1.1-8auzz5FJS5QDj.jQdw8OiSYwrJaS9Ma4MOGJtFGkAg4ba4p7._3rBQOF7dkMjyBr9AomDesRwVAXVHetswShCk3sxubQ8hQ9.BX3yBSqbTWmzqKj1qkvrbuVwIeSSw4c; HttpOnly; SameSite=None; Secure; Path=/; Domain=preview.emergentagent.com; Expires=Tue, 25 Aug 2026 23:44:21 GMT', 'X-Robots-Tag': 'noindex, nofollow', 'Server': 'cloudflare', 'CF-RAY': 'a30e4ae5bbdd7b21-ORD'}.get
E    +      where {'Date': 'Tue, 25 Aug 2026 23:14:21 GMT', 'Connection': 'keep-alive', 'Access-Control-Allow-Origin': '*', 'Access-Control-Allow-Headers': '*', 'Access-Control-Allow-Methods': 'GET, POST, PUT, DELETE, OPTIONS, HEAD, PATCH', 'Access-Control-Max-Age': '300', 'set-cookie': '__cf_bm=oqlbbwtuqiP1PHRUQj7HcjI0Wt.hMhXmMVhkMX06lHA-1787699661.7142525-1.0.1.1-8auzz5FJS5QDj.jQdw8OiSYwrJaS9Ma4MOGJtFGkAg4ba4p7._3rBQOF7dkMjyBr9AomDesRwVAXVHetswShCk3sxubQ8hQ9.BX3yBSqbTWmzqKj1qkvrbuVwIeSSw4c; HttpOnly; SameSite=None; Secure; Path=/; Domain=preview.emergentagent.com; Expires=Tue, 25 Aug 2026 23:44:21 GMT', 'X-Robots-Tag': 'noindex, nofollow', 'Server': 'cloudflare', 'CF-RAY': 'a30e4ae5bbdd7b21-ORD'} = &lt;Response [204]&gt;.headers</failure></testcase></testsuite></testsuites>