<?xml version="1.0" encoding="utf-8"?><testsuites name="pytest tests"><testsuite name="pytest" errors="0" failures="1" skipped="0" tests="10" time="5.092" timestamp="2026-08-26T23:02:01.182757+00:00" hostname="agent-env-fa275b0a-c0fc-4456-a321-202f2a18342d"><testcase classname="tests.test_register_and_pdv" name="test_register_open_movement_close_flow" time="2.209" /><testcase classname="tests.backend_test" name="test_backend_url_configured" time="0.001" /><testcase classname="tests.backend_test" name="test_api_health" time="0.337" /><testcase classname="tests.backend_test" name="test_register_sets_http_only_session_and_dashboard" time="0.796" /><testcase classname="tests.backend_test" name="test_login_and_duplicate_registration" time="1.057" /><testcase classname="tests.backend_test" name="test_protected_dashboard_rejects_anonymous" time="0.190" /><testcase classname="tests.test_register_and_pdv" name="test_sale_split_payment_and_stock_and_recipe_deduction" time="1.465" /><testcase classname="tests.backend_test" name="test_cors_allows_credentials_for_frontend_origin" time="0.107"><failure message="AssertionError: assert None == 'true'&#10; +  where None = get('access-control-allow-credentials')&#10; +    where get = {'Date': 'Wed, 26 Aug 2026 23:02:04 GMT', 'Connection': 'keep-alive', 'Access-Control-Allow-Origin': '*', 'Access-Control-Allow-Headers': '*', 'Access-Control-Allow-Methods': 'GET, POST, PUT, DELETE, OPTIONS, HEAD, PATCH', 'Access-Control-Max-Age': '300', 'set-cookie': '__cf_bm=5CVLeqwywI9MoWCrcfukFquDMiaK_fza7cJMOnJfPTA-1787785324.2170756-1.0.1.1-1JmmWyJNZzc_huVYfd.bPSJnmvSnTZ_SIztz_jQQmCisR493tUTLdVD9mFxrbvp02GbapPHljAQkJrJ6NEk9Dz2scFRiKXVmps7_el6ZUX86gFE0iEf7zLiEhmXXwz93; HttpOnly; SameSite=None; Secure; Path=/; Domain=preview.emergentagent.com; Expires=Wed, 26 Aug 2026 23:32:04 GMT', 'X-Robots-Tag': 'noindex, nofollow', 'Server': 'cloudflare', 'CF-RAY': 'a31676445fe7e82e-ORD'}.get&#10; +      where {'Date': 'Wed, 26 Aug 2026 23:02:04 GMT', 'Connection': 'keep-alive', 'Access-Control-Allow-Origin': '*', 'Access-Control-Allow-Headers': '*', 'Access-Control-Allow-Methods': 'GET, POST, PUT, DELETE, OPTIONS, HEAD, PATCH', 'Access-Control-Max-Age': '300', 'set-cookie': '__cf_bm=5CVLeqwywI9MoWCrcfukFquDMiaK_fza7cJMOnJfPTA-1787785324.2170756-1.0.1.1-1JmmWyJNZzc_huVYfd.bPSJnmvSnTZ_SIztz_jQQmCisR493tUTLdVD9mFxrbvp02GbapPHljAQkJrJ6NEk9Dz2scFRiKXVmps7_el6ZUX86gFE0iEf7zLiEhmXXwz93; HttpOnly; SameSite=None; Secure; Path=/; Domain=preview.emergentagent.com; Expires=Wed, 26 Aug 2026 23:32:04 GMT', 'X-Robots-Tag': 'noindex, nofollow', 'Server': 'cloudflare', 'CF-RAY': 'a31676445fe7e82e-ORD'} = &lt;Response [204]&gt;.headers">backend/tests/backend_test.py:87: in test_cors_allows_credentials_for_frontend_origin
    assert response.headers.get("access-control-allow-credentials") == "true"
E   AssertionError: assert None == 'true'
E    +  where None = get('access-control-allow-credentials')
E    +    where get = {'Date': 'Wed, 26 Aug 2026 23:02:04 GMT', 'Connection': 'keep-alive', 'Access-Control-Allow-Origin': '*', 'Access-Control-Allow-Headers': '*', 'Access-Control-Allow-Methods': 'GET, POST, PUT, DELETE, OPTIONS, HEAD, PATCH', 'Access-Control-Max-Age': '300', 'set-cookie': '__cf_bm=5CVLeqwywI9MoWCrcfukFquDMiaK_fza7cJMOnJfPTA-1787785324.2170756-1.0.1.1-1JmmWyJNZzc_huVYfd.bPSJnmvSnTZ_SIztz_jQQmCisR493tUTLdVD9mFxrbvp02GbapPHljAQkJrJ6NEk9Dz2scFRiKXVmps7_el6ZUX86gFE0iEf7zLiEhmXXwz93; HttpOnly; SameSite=None; Secure; Path=/; Domain=preview.emergentagent.com; Expires=Wed, 26 Aug 2026 23:32:04 GMT', 'X-Robots-Tag': 'noindex, nofollow', 'Server': 'cloudflare', 'CF-RAY': 'a31676445fe7e82e-ORD'}.get
E    +      where {'Date': 'Wed, 26 Aug 2026 23:02:04 GMT', 'Connection': 'keep-alive', 'Access-Control-Allow-Origin': '*', 'Access-Control-Allow-Headers': '*', 'Access-Control-Allow-Methods': 'GET, POST, PUT, DELETE, OPTIONS, HEAD, PATCH', 'Access-Control-Max-Age': '300', 'set-cookie': '__cf_bm=5CVLeqwywI9MoWCrcfukFquDMiaK_fza7cJMOnJfPTA-1787785324.2170756-1.0.1.1-1JmmWyJNZzc_huVYfd.bPSJnmvSnTZ_SIztz_jQQmCisR493tUTLdVD9mFxrbvp02GbapPHljAQkJrJ6NEk9Dz2scFRiKXVmps7_el6ZUX86gFE0iEf7zLiEhmXXwz93; HttpOnly; SameSite=None; Secure; Path=/; Domain=preview.emergentagent.com; Expires=Wed, 26 Aug 2026 23:32:04 GMT', 'X-Robots-Tag': 'noindex, nofollow', 'Server': 'cloudflare', 'CF-RAY': 'a31676445fe7e82e-ORD'} = &lt;Response [204]&gt;.headers</failure></testcase><testcase classname="tests.test_requested_features" name="test_requested_crud_and_cost_calculations" time="0.912" /><testcase classname="tests.test_register_and_pdv" name="test_dashboard_summary_reflects_sales_and_low_stock" time="0.788" /></testsuite></testsuites>