<?xml version="1.0" encoding="utf-8"?><testsuites name="pytest tests"><testsuite name="pytest" errors="0" failures="1" skipped="0" tests="9" time="4.164" timestamp="2026-08-26T02:57:39.319942+00:00" hostname="agent-env-fa275b0a-c0fc-4456-a321-202f2a18342d"><testcase classname="tests.test_auth_regression" name="test_forgot_password_accepts_email_only" time="0.196" /><testcase classname="tests.backend_test" name="test_backend_url_configured" time="0.000" /><testcase classname="tests.backend_test" name="test_api_health" time="0.202" /><testcase classname="tests.test_auth_regression" name="test_login_locks_after_five_failures" time="2.537" /><testcase classname="tests.backend_test" name="test_register_sets_http_only_session_and_dashboard" time="1.152" /><testcase classname="tests.backend_test" name="test_login_and_duplicate_registration" time="1.425" /><testcase classname="tests.test_requested_features" name="test_requested_crud_and_cost_calculations" time="0.906" /><testcase classname="tests.backend_test" name="test_protected_dashboard_rejects_anonymous" time="0.287" /><testcase classname="tests.backend_test" name="test_cors_allows_credentials_for_frontend_origin" time="0.088"><failure message="AssertionError: assert None == 'true'&#10; +  where None = get('access-control-allow-credentials')&#10; +    where get = {'Date': 'Wed, 26 Aug 2026 02:57:42 GMT', 'Connection': 'keep-alive', 'Access-Control-Allow-Origin': '*', 'Access-Control-Allow-Headers': '*', 'Access-Control-Allow-Methods': 'GET, POST, PUT, DELETE, OPTIONS, HEAD, PATCH', 'Access-Control-Max-Age': '300', 'set-cookie': '__cf_bm=nEalhLWc6VfmGSuLqFdefqARZX5UEzyM47.AUxU614c-1787713062.9302745-1.0.1.1-VbauOkF2VZS6LJg2iE86NNHyXGI8YyZ4AiuBAT9xYxqjQQTn.WUBpWaDPFDj_0lfkuYYm6RHqxhSTSDxCuo_R65I6sP7K.i64owJH_jwm3mqZH9cR0DMppmdTEbFVJF_; HttpOnly; SameSite=None; Secure; Path=/; Domain=preview.emergentagent.com; Expires=Wed, 26 Aug 2026 03:27:42 GMT', 'X-Robots-Tag': 'noindex, nofollow', 'Server': 'cloudflare', 'CF-RAY': 'a30f921349c8ffd4-ORD'}.get&#10; +      where {'Date': 'Wed, 26 Aug 2026 02:57:42 GMT', 'Connection': 'keep-alive', 'Access-Control-Allow-Origin': '*', 'Access-Control-Allow-Headers': '*', 'Access-Control-Allow-Methods': 'GET, POST, PUT, DELETE, OPTIONS, HEAD, PATCH', 'Access-Control-Max-Age': '300', 'set-cookie': '__cf_bm=nEalhLWc6VfmGSuLqFdefqARZX5UEzyM47.AUxU614c-1787713062.9302745-1.0.1.1-VbauOkF2VZS6LJg2iE86NNHyXGI8YyZ4AiuBAT9xYxqjQQTn.WUBpWaDPFDj_0lfkuYYm6RHqxhSTSDxCuo_R65I6sP7K.i64owJH_jwm3mqZH9cR0DMppmdTEbFVJF_; HttpOnly; SameSite=None; Secure; Path=/; Domain=preview.emergentagent.com; Expires=Wed, 26 Aug 2026 03:27:42 GMT', 'X-Robots-Tag': 'noindex, nofollow', 'Server': 'cloudflare', 'CF-RAY': 'a30f921349c8ffd4-ORD'} = &lt;Response [204]&gt;.headers">backend/tests/backend_test.py:87: in test_cors_allows_credentials_for_frontend_origin
    assert response.headers.get("access-control-allow-credentials") == "true"
E   AssertionError: assert None == 'true'
E    +  where None = get('access-control-allow-credentials')
E    +    where get = {'Date': 'Wed, 26 Aug 2026 02:57:42 GMT', 'Connection': 'keep-alive', 'Access-Control-Allow-Origin': '*', 'Access-Control-Allow-Headers': '*', 'Access-Control-Allow-Methods': 'GET, POST, PUT, DELETE, OPTIONS, HEAD, PATCH', 'Access-Control-Max-Age': '300', 'set-cookie': '__cf_bm=nEalhLWc6VfmGSuLqFdefqARZX5UEzyM47.AUxU614c-1787713062.9302745-1.0.1.1-VbauOkF2VZS6LJg2iE86NNHyXGI8YyZ4AiuBAT9xYxqjQQTn.WUBpWaDPFDj_0lfkuYYm6RHqxhSTSDxCuo_R65I6sP7K.i64owJH_jwm3mqZH9cR0DMppmdTEbFVJF_; HttpOnly; SameSite=None; Secure; Path=/; Domain=preview.emergentagent.com; Expires=Wed, 26 Aug 2026 03:27:42 GMT', 'X-Robots-Tag': 'noindex, nofollow', 'Server': 'cloudflare', 'CF-RAY': 'a30f921349c8ffd4-ORD'}.get
E    +      where {'Date': 'Wed, 26 Aug 2026 02:57:42 GMT', 'Connection': 'keep-alive', 'Access-Control-Allow-Origin': '*', 'Access-Control-Allow-Headers': '*', 'Access-Control-Allow-Methods': 'GET, POST, PUT, DELETE, OPTIONS, HEAD, PATCH', 'Access-Control-Max-Age': '300', 'set-cookie': '__cf_bm=nEalhLWc6VfmGSuLqFdefqARZX5UEzyM47.AUxU614c-1787713062.9302745-1.0.1.1-VbauOkF2VZS6LJg2iE86NNHyXGI8YyZ4AiuBAT9xYxqjQQTn.WUBpWaDPFDj_0lfkuYYm6RHqxhSTSDxCuo_R65I6sP7K.i64owJH_jwm3mqZH9cR0DMppmdTEbFVJF_; HttpOnly; SameSite=None; Secure; Path=/; Domain=preview.emergentagent.com; Expires=Wed, 26 Aug 2026 03:27:42 GMT', 'X-Robots-Tag': 'noindex, nofollow', 'Server': 'cloudflare', 'CF-RAY': 'a30f921349c8ffd4-ORD'} = &lt;Response [204]&gt;.headers</failure></testcase></testsuite></testsuites>