<?xml version="1.0" encoding="utf-8"?><testsuites name="pytest tests"><testsuite name="pytest" errors="0" failures="1" skipped="0" tests="6" time="2.973" timestamp="2026-08-25T23:08:36.790618+00:00" hostname="agent-env-fa275b0a-c0fc-4456-a321-202f2a18342d"><testcase classname="tests.backend_test" name="test_backend_url_configured" time="0.000" /><testcase classname="tests.backend_test" name="test_api_health" time="0.242" /><testcase classname="tests.backend_test" name="test_register_sets_http_only_session_and_dashboard" time="0.767" /><testcase classname="tests.backend_test" name="test_login_and_duplicate_registration" time="1.069" /><testcase classname="tests.backend_test" name="test_protected_dashboard_rejects_anonymous" time="0.227" /><testcase classname="tests.backend_test" name="test_cors_allows_credentials_for_frontend_origin" time="0.075"><failure message="AssertionError: assert None == 'true'&#10; +  where None = get('access-control-allow-credentials')&#10; +    where get = {'Date': 'Tue, 25 Aug 2026 23:08:39 GMT', 'Connection': 'keep-alive', 'Access-Control-Allow-Origin': '*', 'Access-Control-Allow-Headers': '*', 'Access-Control-Allow-Methods': 'GET, POST, PUT, DELETE, OPTIONS, HEAD, PATCH', 'Access-Control-Max-Age': '300', 'set-cookie': '__cf_bm=Ro66XijFZAfpsN7PXIzVZPwqA_078fL59byKqc4qn9I-1787699319.6511455-1.0.1.1-l9qpYu0Hbwr3DALP0j4yHw_2xxwOAvQ5aN7S0pfbe6rUYlDQv3RoSlw1Il3OVYm8Soy5bIBNuSHBVH6VPxSZA7r3Cxu4wa13vJRjLPG20KUyILZqTNzcxeYG9W2vMulR; HttpOnly; SameSite=None; Secure; Path=/; Domain=preview.emergentagent.com; Expires=Tue, 25 Aug 2026 23:38:39 GMT', 'X-Robots-Tag': 'noindex, nofollow', 'Server': 'cloudflare', 'CF-RAY': 'a30e428bdf1beb03-ORD'}.get&#10; +      where {'Date': 'Tue, 25 Aug 2026 23:08:39 GMT', 'Connection': 'keep-alive', 'Access-Control-Allow-Origin': '*', 'Access-Control-Allow-Headers': '*', 'Access-Control-Allow-Methods': 'GET, POST, PUT, DELETE, OPTIONS, HEAD, PATCH', 'Access-Control-Max-Age': '300', 'set-cookie': '__cf_bm=Ro66XijFZAfpsN7PXIzVZPwqA_078fL59byKqc4qn9I-1787699319.6511455-1.0.1.1-l9qpYu0Hbwr3DALP0j4yHw_2xxwOAvQ5aN7S0pfbe6rUYlDQv3RoSlw1Il3OVYm8Soy5bIBNuSHBVH6VPxSZA7r3Cxu4wa13vJRjLPG20KUyILZqTNzcxeYG9W2vMulR; HttpOnly; SameSite=None; Secure; Path=/; Domain=preview.emergentagent.com; Expires=Tue, 25 Aug 2026 23:38:39 GMT', 'X-Robots-Tag': 'noindex, nofollow', 'Server': 'cloudflare', 'CF-RAY': 'a30e428bdf1beb03-ORD'} = &lt;Response [204]&gt;.headers">backend/tests/backend_test.py:86: in test_cors_allows_credentials_for_frontend_origin
    assert response.headers.get("access-control-allow-credentials") == "true"
E   AssertionError: assert None == 'true'
E    +  where None = get('access-control-allow-credentials')
E    +    where get = {'Date': 'Tue, 25 Aug 2026 23:08:39 GMT', 'Connection': 'keep-alive', 'Access-Control-Allow-Origin': '*', 'Access-Control-Allow-Headers': '*', 'Access-Control-Allow-Methods': 'GET, POST, PUT, DELETE, OPTIONS, HEAD, PATCH', 'Access-Control-Max-Age': '300', 'set-cookie': '__cf_bm=Ro66XijFZAfpsN7PXIzVZPwqA_078fL59byKqc4qn9I-1787699319.6511455-1.0.1.1-l9qpYu0Hbwr3DALP0j4yHw_2xxwOAvQ5aN7S0pfbe6rUYlDQv3RoSlw1Il3OVYm8Soy5bIBNuSHBVH6VPxSZA7r3Cxu4wa13vJRjLPG20KUyILZqTNzcxeYG9W2vMulR; HttpOnly; SameSite=None; Secure; Path=/; Domain=preview.emergentagent.com; Expires=Tue, 25 Aug 2026 23:38:39 GMT', 'X-Robots-Tag': 'noindex, nofollow', 'Server': 'cloudflare', 'CF-RAY': 'a30e428bdf1beb03-ORD'}.get
E    +      where {'Date': 'Tue, 25 Aug 2026 23:08:39 GMT', 'Connection': 'keep-alive', 'Access-Control-Allow-Origin': '*', 'Access-Control-Allow-Headers': '*', 'Access-Control-Allow-Methods': 'GET, POST, PUT, DELETE, OPTIONS, HEAD, PATCH', 'Access-Control-Max-Age': '300', 'set-cookie': '__cf_bm=Ro66XijFZAfpsN7PXIzVZPwqA_078fL59byKqc4qn9I-1787699319.6511455-1.0.1.1-l9qpYu0Hbwr3DALP0j4yHw_2xxwOAvQ5aN7S0pfbe6rUYlDQv3RoSlw1Il3OVYm8Soy5bIBNuSHBVH6VPxSZA7r3Cxu4wa13vJRjLPG20KUyILZqTNzcxeYG9W2vMulR; HttpOnly; SameSite=None; Secure; Path=/; Domain=preview.emergentagent.com; Expires=Tue, 25 Aug 2026 23:38:39 GMT', 'X-Robots-Tag': 'noindex, nofollow', 'Server': 'cloudflare', 'CF-RAY': 'a30e428bdf1beb03-ORD'} = &lt;Response [204]&gt;.headers</failure></testcase></testsuite></testsuites>